<?xml version="1.0" encoding="UTF-8"?>
<!-- Generated by org.testng.reporters.JUnitReportReporter -->
<testsuite hostname="admin-PC" failures="0" tests="3" name="com.Runner.in.MyRunner" time="64.701" errors="0" timestamp="2024-07-27T20:55:31 IST" skipped="0">
  <testcase classname="com.Runner.in.MyRunner" name="runScenario" time="16.099"/>
  <testcase classname="com.Runner.in.MyRunner" name="runScenario" time="30.147"/>
  <testcase classname="com.Runner.in.MyRunner" name="runScenario" time="18.455"/>
</testsuite> <!-- com.Runner.in.MyRunner -->
